d:\hocky5\nhom3 - dohoamaytinh\glslexperiment\debug\vc142.pdb
d:\hocky5\nhom3 - dohoamaytinh\glslexperiment\debug\vc142.idb
d:\hocky5\nhom3 - dohoamaytinh\glslexperiment\debug\cube.obj
d:\hocky5\nhom3 - dohoamaytinh\glslexperiment\debug\cylinder.obj
d:\hocky5\nhom3 - dohoamaytinh\glslexperiment\debug\example1.obj
d:\hocky5\nhom3 - dohoamaytinh\glslexperiment\debug\initshader.obj
d:\hocky5\nhom3 - dohoamaytinh\glslexperiment\debug\prismatic.obj
d:\hocky5\nhom3 - dohoamaytinh\glslexperiment\debug\sphere.obj
d:\hocky5\nhom3 - dohoamaytinh\debug\glslexperiment.exe
d:\hocky5\nhom3 - dohoamaytinh\debug\glslexperiment.ilk
d:\hocky5\nhom3 - dohoamaytinh\debug\glslexperiment.pdb
d:\hocky5\nhom3 - dohoamaytinh\glslexperiment\debug\glslexperiment.res
d:\hocky5\nhom3 - dohoamaytinh\glslexperiment\debug\glslexperiment.tlog\cl.command.1.tlog
d:\hocky5\nhom3 - dohoamaytinh\glslexperiment\debug\glslexperiment.tlog\cl.read.1.tlog
d:\hocky5\nhom3 - dohoamaytinh\glslexperiment\debug\glslexperiment.tlog\cl.write.1.tlog
d:\hocky5\nhom3 - dohoamaytinh\glslexperiment\debug\glslexperiment.tlog\link.command.1.tlog
d:\hocky5\nhom3 - dohoamaytinh\glslexperiment\debug\glslexperiment.tlog\link.read.1.tlog
d:\hocky5\nhom3 - dohoamaytinh\glslexperiment\debug\glslexperiment.tlog\link.write.1.tlog
d:\hocky5\nhom3 - dohoamaytinh\glslexperiment\debug\glslexperiment.tlog\rc.command.1.tlog
d:\hocky5\nhom3 - dohoamaytinh\glslexperiment\debug\glslexperiment.tlog\rc.read.1.tlog
d:\hocky5\nhom3 - dohoamaytinh\glslexperiment\debug\glslexperiment.tlog\rc.write.1.tlog
